c:\users\cepel\desktop\c++ random\openglproject\openglproject\x64\debug\vc143.pdb
c:\users\cepel\desktop\c++ random\openglproject\openglproject\x64\debug\vc143.idb
c:\users\cepel\desktop\c++ random\openglproject\openglproject\x64\debug\main.obj
c:\users\cepel\desktop\c++ random\openglproject\openglproject\x64\debug\openglproject.ilk
c:\users\cepel\desktop\c++ random\openglproject\x64\debug\openglproject.pdb
c:\users\cepel\desktop\c++ random\openglproject\openglproject\x64\debug\openglproject.tlog\cl.command.1.tlog
c:\users\cepel\desktop\c++ random\openglproject\openglproject\x64\debug\openglproject.tlog\cl.items.tlog
c:\users\cepel\desktop\c++ random\openglproject\openglproject\x64\debug\openglproject.tlog\cl.read.1.tlog
c:\users\cepel\desktop\c++ random\openglproject\openglproject\x64\debug\openglproject.tlog\cl.write.1.tlog
c:\users\cepel\desktop\c++ random\openglproject\openglproject\x64\debug\openglproject.tlog\link-cvtres.read.1.tlog
c:\users\cepel\desktop\c++ random\openglproject\openglproject\x64\debug\openglproject.tlog\link-cvtres.write.1.tlog
c:\users\cepel\desktop\c++ random\openglproject\openglproject\x64\debug\openglproject.tlog\link-rc.read.1.tlog
c:\users\cepel\desktop\c++ random\openglproject\openglproject\x64\debug\openglproject.tlog\link-rc.write.1.tlog
c:\users\cepel\desktop\c++ random\openglproject\openglproject\x64\debug\openglproject.tlog\link.28212-cvtres.read.1.tlog
c:\users\cepel\desktop\c++ random\openglproject\openglproject\x64\debug\openglproject.tlog\link.28212-cvtres.write.1.tlog
c:\users\cepel\desktop\c++ random\openglproject\openglproject\x64\debug\openglproject.tlog\link.28212-rc.read.1.tlog
c:\users\cepel\desktop\c++ random\openglproject\openglproject\x64\debug\openglproject.tlog\link.28212-rc.write.1.tlog
c:\users\cepel\desktop\c++ random\openglproject\openglproject\x64\debug\openglproject.tlog\link.28212.read.1.tlog
c:\users\cepel\desktop\c++ random\openglproject\openglproject\x64\debug\openglproject.tlog\link.28212.read.2.tlog
c:\users\cepel\desktop\c++ random\openglproject\openglproject\x64\debug\openglproject.tlog\link.28212.write.1.tlog
c:\users\cepel\desktop\c++ random\openglproject\openglproject\x64\debug\openglproject.tlog\link.command.1.tlog
c:\users\cepel\desktop\c++ random\openglproject\openglproject\x64\debug\openglproject.tlog\link.read.1.tlog
c:\users\cepel\desktop\c++ random\openglproject\openglproject\x64\debug\openglproject.tlog\link.read.2.tlog
c:\users\cepel\desktop\c++ random\openglproject\openglproject\x64\debug\openglproject.tlog\link.secondary.1.tlog
c:\users\cepel\desktop\c++ random\openglproject\openglproject\x64\debug\openglproject.tlog\link.write.1.tlog
